'225:Torpedo,ACTIVE' killed by '238:Yellow Laser,ACTIVE'
'224:Torpedo,ACTIVE' killed by '262:Yellow Laser,ACTIVE'
'213:Torpedo,ACTIVE' killed by '266:Yellow Laser,ACTIVE'
'194:Missile,ACTIVE' killed by '287:Red Laser,ACTIVE'
'203:Missile,ACTIVE' killed by '293:Red Laser,ACTIVE'
'223:Missile,ACTIVE' killed by '289:Red Laser,ACTIVE'
'190:Missile,ACTIVE' killed by '291:Red Laser,ACTIVE'
'90:TIE,ACTIVE' killed by '331:Red Laser,ACTIVE'
'229:Torpedo,ACTIVE' killed by '380:Yellow Laser,ACTIVE'
'226:Torpedo,ACTIVE' killed by '384:Yellow Laser,ACTIVE'
'209:Missile,ACTIVE' killed by '400:Red Laser,ACTIVE'
'193:Missile,ACTIVE' killed by '399:Red Laser,ACTIVE'
'187:Missile,ACTIVE' killed by '397:Red Laser,ACTIVE'
'218:Missile,ACTIVE' killed by '401:Red Laser,ACTIVE'
'99:TIE,ACTIVE' killed by '389:Red Laser,ACTIVE'
'261:Torpedo,ACTIVE' killed by '487:Yellow Laser,ACTIVE'
'102:TIE,ACTIVE' killed by '499:Red Laser,ACTIVE'
'210:Missile,ACTIVE' killed by '559:Red Laser,ACTIVE'
'100:TIE,ACTIVE' killed by '524:Red Laser,ACTIVE'
'101:TIE,ACTIVE' killed by '572:Red Laser,ACTIVE'
'98:TIE,ACTIVE' killed by '668:Red Laser,ACTIVE'
'8:Z-95,ACTIVE' killed by '768:Green Double Laser,ACTIVE'
'144:Star Destroyer Missile Pod,ACTIVE' killed by '276:Torpedo,ACTIVE'
'151:Star Destroyer Missile Pod,ACTIVE' killed by '309:Torpedo,ACTIVE'
'96:TIE,ACTIVE' killed by '866:Green Double Laser,ACTIVE'
'104:TIE,ACTIVE' killed by '881:Red Laser,ACTIVE'
'120:TIE,ACTIVE' killed by '915:Red Laser,ACTIVE'
'6:Z-95,ACTIVE' killed by '970:Green Double Laser,ACTIVE'
'191:Missile,ACTIVE' killed by '892:Red Laser,ACTIVE'
'18:Z-95,ACTIVE' killed by '103:TIE,ACTIVE'
'207:Missile,ACTIVE' killed by '908:Red Laser,ACTIVE'
'17:Z-95,ACTIVE' killed by '106:TIE,ACTIVE'
'7:Z-95,ACTIVE' killed by '971:Green Double Laser,ACTIVE'
'92:TIE,ACTIVE' killed by '1117:Red Laser,ACTIVE'
'94:TIE,ACTIVE' killed by '14:Y-Wing,ACTIVE'
'124:TIE,ACTIVE' killed by '1125:Red Laser,ACTIVE'
'111:TIE,ACTIVE' killed by '1234:Red Laser,ACTIVE'
'220:Missile,ACTIVE' killed by '1255:Red Laser,ACTIVE'
'169:Star Destroyer Turbolaser Tower,ACTIVE' killed by '869:Torpedo,ACTIVE'
'162:Star Destroyer Heavy Turbolaser Tower,ACTIVE' killed by '228:Missile,ACTIVE'
'91:TIE,ACTIVE' killed by '1677:Green Double Laser,ACTIVE'
'108:TIE,ACTIVE' killed by '1719:Green Double Laser,ACTIVE'
'12:A-Wing,ACTIVE' killed by '1751:Green Double Laser,ACTIVE'
'11:A-Wing,ACTIVE' killed by '1745:Green Double Laser,ACTIVE'
'122:TIE,ACTIVE' killed by '1778:Red Laser,ACTIVE'
'137:TIE,ACTIVE' killed by '1927:Red Laser,ACTIVE'
'5:Z-95,ACTIVE' killed by '2097:Green Double Laser,ACTIVE'
'19:Z-95,ACTIVE' killed by '2102:Green Double Laser,ACTIVE'
'9:X-Wing,ACTIVE' killed by '2427:Yellow Laser,ACTIVE'
'68:Corellian Turbolaser Tower,ACTIVE' killed by '2517:Green Laser Advanced,ACTIVE'
'1585:Missile,ACTIVE' killed by '2556:Yellow Laser,ACTIVE'
'70:Corellian Turbolaser Tower,ACTIVE' killed by '2580:Green Anti-Ship Laser,ACTIVE'
'1553:Missile,ACTIVE' killed by '2629:Red Laser,ACTIVE'
'103:TIE,ACTIVE' killed by '2663:Red Laser,ACTIVE'
'1487:Missile,ACTIVE' killed by '2706:Red Laser,ACTIVE'
'10:X-Wing,ACTIVE' killed by '2855:Green Laser Advanced,ACTIVE'
'15:B-Wing,ACTIVE' killed by '2836:Green Laser Advanced,ACTIVE'
'16:B-Wing,ACTIVE' killed by '2963:Green Double Laser,ACTIVE'
'69:Corellian Turbolaser Tower,ACTIVE' killed by '2119:Missile,ACTIVE'
'93:TIE,ACTIVE' killed by '2922:Green Anti-Ship Laser,ACTIVE'
'65:Corellian Turbolaser Tower,ACTIVE' killed by '2122:Missile,ACTIVE'
'66:Corellian Turbolaser Tower,ACTIVE' killed by '2928:Green Anti-Ship Laser,ACTIVE'
'67:Corellian Turbolaser Tower,ACTIVE' killed by '2161:Missile,ACTIVE'
'126:TIE,ACTIVE' killed by '3075:Red Laser,ACTIVE'
'112:TIE,ACTIVE' killed by '3139:Red Laser,ACTIVE'
'114:TIE,ACTIVE' killed by '3274:Red Laser,ACTIVE'
'14:Y-Wing,ACTIVE' killed by '3339:Green Double Laser,ACTIVE'
'13:Y-Wing,ACTIVE' killed by '3322:Green Double Laser,ACTIVE'
'83:Transport Turbolaser Tower,ACTIVE' killed by '3160:Green Anti-Ship Laser,ACTIVE'
'125:TIE,ACTIVE' killed by '3449:Red Laser,ACTIVE'
'110:TIE,ACTIVE' killed by '3587:Red Laser,ACTIVE'
'116:TIE,ACTIVE' killed by '3608:Red Laser,ACTIVE'
'2471:Z-95,ACTIVE' killed by '3574:Green Double Laser,ACTIVE'
'134:TIE,ACTIVE' killed by '3592:Red Laser,ACTIVE'
'95:TIE,ACTIVE' killed by '3580:Red Laser,ACTIVE'
'123:TIE,ACTIVE' killed by '2477:A-Wing,ACTIVE'
'105:TIE,ACTIVE' killed by '3794:Red Laser,ACTIVE'
'106:TIE,ACTIVE' killed by '3735:Red Laser,ACTIVE'
'3472:Torpedo,ACTIVE' killed by '3757:Green Laser Advanced,ACTIVE'
'2474:X-Wing,ACTIVE' killed by '3985:Green Laser Advanced,ACTIVE'
'3606:Torpedo,ACTIVE' killed by '3911:Yellow Laser,ACTIVE'
'3583:Torpedo,ACTIVE' killed by '3940:Yellow Laser,ACTIVE'
'21:Corellian Corvette,ACTIVE' killed by '4208:Green Anti-Ship Laser,ACTIVE'
'4076:Missile,ACTIVE' killed by '4399:Yellow Laser,ACTIVE'
'109:TIE,ACTIVE' killed by '4462:Red Laser,ACTIVE'
'2468:Z-95,ACTIVE' killed by '4552:Green Double Laser,ACTIVE'
'2469:Z-95,ACTIVE' killed by '4662:Green Laser Advanced,ACTIVE'
'3070:Missile,ACTIVE' killed by '4620:Red Laser,ACTIVE'
'132:TIE,ACTIVE' killed by '4308:Missile,ACTIVE'
'2467:Z-95,ACTIVE' killed by '4822:Green Laser Advanced,ACTIVE'
'148:Star Destroyer Missile Pod,ACTIVE' killed by '4254:Missile,ACTIVE'
'119:TIE,ACTIVE' killed by '4890:Red Laser,ACTIVE'
'4906:Torpedo,ACTIVE' killed by '4981:Yellow Laser,ACTIVE'
'2470:Z-95,ACTIVE' killed by '5120:Green Double Laser,ACTIVE'
'2478:A-Wing,ACTIVE' killed by '5177:Green Laser Advanced,ACTIVE'
'115:TIE,ACTIVE' killed by '5234:Red Laser,ACTIVE'
'4073:Missile,ACTIVE' killed by '5432:Red Laser,ACTIVE'
'24:Transport,ACTIVE' killed by '5416:Green Anti-Ship Laser,ACTIVE'
'5075:Missile,ACTIVE' killed by '5579:Green Laser Advanced,ACTIVE'
'3905:TIE,ACTIVE' killed by '5905:Red Laser,ACTIVE'
'2484:Y-Wing,ACTIVE' killed by '6199:Green Laser Advanced,ACTIVE'
'131:TIE,ACTIVE' killed by '6228:Red Laser,ACTIVE'
'129:TIE,ACTIVE' killed by '6266:Missile,ACTIVE'
'3907:TIE,ACTIVE' killed by '6192:Green Anti-Ship Laser,ACTIVE'
'6341:Torpedo,ACTIVE' killed by '6634:Green Double Laser,ACTIVE'
'2480:B-Wing,ACTIVE' killed by '6611:Green Anti-Ship Laser,ACTIVE'
'130:TIE,ACTIVE' killed by '6732:Red Laser,ACTIVE'
'2482:Y-Wing,ACTIVE' killed by '6910:Green Laser Advanced,ACTIVE'
'6367:Torpedo,ACTIVE' killed by '6912:Yellow Laser,ACTIVE'
'6633:Torpedo,ACTIVE' killed by '6923:Yellow Laser,ACTIVE'
'76:Corellian Turbolaser Tower,ACTIVE' killed by '5771:Missile,ACTIVE'
'6815:Missile,ACTIVE' killed by '7078:Green Laser Advanced,ACTIVE'
'128:TIE,ACTIVE' killed by '6948:Missile,ACTIVE'
'81:Corellian Turbolaser Tower,ACTIVE' killed by '7341:Green Anti-Ship Laser,ACTIVE'
'2472:Z-95,ACTIVE' killed by '7447:Green Laser Advanced,ACTIVE'
'7243:TIE,ACTIVE' killed by '7706:Green Double Laser,ACTIVE'
'3908:TIE,ACTIVE' killed by '7568:Missile,ACTIVE'
'2476:A-Wing,ACTIVE' killed by '7732:Green Double Laser,ACTIVE'
'6895:Missile,ACTIVE' killed by '7878:Red Laser,ACTIVE'
'2483:Y-Wing,ACTIVE' killed by '7887:Green Double Laser,ACTIVE'
'97:TIE,ACTIVE' killed by '8126:Red Laser,ACTIVE'
'113:TIE,ACTIVE' killed by '7831:Y-Wing,ACTIVE'
'118:TIE,ACTIVE' killed by '8464:Red Laser,ACTIVE'
'117:TIE,ACTIVE' killed by '8433:Red Laser,ACTIVE'
'127:TIE,ACTIVE' killed by '8739:Red Laser,ACTIVE'
'107:TIE,ACTIVE' killed by '8824:Red Laser,ACTIVE'
'7242:TIE,ACTIVE' killed by '8870:Red Laser,ACTIVE'
'3906:TIE,ACTIVE' killed by '8886:Red Laser,ACTIVE'
'7245:TIE,ACTIVE' killed by '8955:Red Laser,ACTIVE'
'135:TIE,ACTIVE' killed by '9052:Red Laser,ACTIVE'
'8201:TIE Interceptor,ACTIVE' killed by '8426:Missile,ACTIVE'
'6410:TIE,ACTIVE' killed by '9029:Green Double Laser,ACTIVE'
'2473:X-Wing,ACTIVE' killed by '9272:Green Double Laser,ACTIVE'
'136:TIE,ACTIVE' killed by '7824:X-Wing,ACTIVE'
'2477:A-Wing,ACTIVE' killed by '9384:Green Laser Advanced,ACTIVE'
'4536:TIE,ACTIVE' killed by '9575:Red Laser,ACTIVE'
'4538:TIE,ACTIVE' killed by '9656:Red Laser,ACTIVE'
'62:Nebulon B Turbolaser Tower,ACTIVE' killed by '9648:Green Anti-Ship Laser,ACTIVE'
'4537:TIE,ACTIVE' killed by '9779:Red Laser,ACTIVE'
'8203:TIE Interceptor,ACTIVE' killed by '9805:Green Anti-Ship Laser,ACTIVE'
'6412:TIE,ACTIVE' killed by '9763:Torpedo,ACTIVE'
