Fatal Error occured at 2019-12-20T01:37:10
----------------------------------------------------------------
Message: Unable to execute script function 'actorp_multShd' at line 18:83 
Reason: The function 'Actor.GetProperty' does not exist! 


   at SWEndor.Scenarios.Scripting.Context.RunFunction(ITracker caller, String _funcName, Val[] param) in C:\Users\user\git\GitHub.OwnProjects\SWEndor\src\SWEndor\Scenarios\Scripting\Context.cs:line 53
   at Primrose.Expressions.Tree.Expressions.Function.Evaluate(AContext context) in C:\Users\user\git\GitHub.OwnProjects\SWEndor\src\Primrose.Expressions\Tree\Expressions\Function.cs:line 43
   at Primrose.Expressions.Tree.Expressions.MultiplyExpression.Evaluate(AContext context) in C:\Users\user\git\GitHub.OwnProjects\SWEndor\src\Primrose.Expressions\Tree\Expressions\MultiplyExpression.cs:line 42
   at Primrose.Expressions.Tree.Expressions.Function.Evaluate(AContext context) in C:\Users\user\git\GitHub.OwnProjects\SWEndor\src\Primrose.Expressions\Tree\Expressions\Function.cs:line 41
   at Primrose.Expressions.Tree.Statements.AssignmentStatement.Evaluate(AContext context) in C:\Users\user\git\GitHub.OwnProjects\SWEndor\src\Primrose.Expressions\Tree\Statements\AssignmentStatement.cs:line 114
   at Primrose.Expressions.Tree.Statements.Statement.Evaluate(AContext context) in C:\Users\user\git\GitHub.OwnProjects\SWEndor\src\Primrose.Expressions\Tree\Statements\Statement.cs:line 24
   at Primrose.Expressions.Tree.Statements.RootStatement.Evaluate(AContext context) in C:\Users\user\git\GitHub.OwnProjects\SWEndor\src\Primrose.Expressions\Tree\Statements\RootStatement.cs:line 23
   at Primrose.Expressions.Script.Run(AContext context) in C:\Users\user\git\GitHub.OwnProjects\SWEndor\src\Primrose.Expressions\Script.cs:line 49
   at SWEndor.Scenarios.Scripting.Functions.ScriptingFns.Call(Context context, String script_name) in C:\Users\user\git\GitHub.OwnProjects\SWEndor\src\SWEndor\Scenarios\Scripting\Functions\ScriptingFns.cs:line 44
   at SWEndor.Scenarios.Scripting.ValFunc`1.Execute(ITracker caller, String _funcName, Context c, Val[] p) in C:\Users\user\git\GitHub.OwnProjects\SWEndor\src\SWEndor\Scenarios\Scripting\ParamContracts\ValFunc_T.cs:line 13
   at SWEndor.Scenarios.Scripting.Context.RunFunction(ITracker caller, String _funcName, Val[] param) in C:\Users\user\git\GitHub.OwnProjects\SWEndor\src\SWEndor\Scenarios\Scripting\Context.cs:line 55
   at Primrose.Expressions.Tree.Expressions.Function.Evaluate(AContext context) in C:\Users\user\git\GitHub.OwnProjects\SWEndor\src\Primrose.Expressions\Tree\Expressions\Function.cs:line 43
   at Primrose.Expressions.Tree.Statements.AssignmentStatement.Evaluate(AContext context) in C:\Users\user\git\GitHub.OwnProjects\SWEndor\src\Primrose.Expressions\Tree\Statements\AssignmentStatement.cs:line 114
   at Primrose.Expressions.Tree.Statements.Statement.Evaluate(AContext context) in C:\Users\user\git\GitHub.OwnProjects\SWEndor\src\Primrose.Expressions\Tree\Statements\Statement.cs:line 24
   at Primrose.Expressions.Tree.Statements.RootStatement.Evaluate(AContext context) in C:\Users\user\git\GitHub.OwnProjects\SWEndor\src\Primrose.Expressions\Tree\Statements\RootStatement.cs:line 23
   at Primrose.Expressions.Script.Run(AContext context) in C:\Users\user\git\GitHub.OwnProjects\SWEndor\src\Primrose.Expressions\Script.cs:line 49
   at SWEndor.Scenarios.Scripting.Functions.ScriptingFns.Call(Context context, String script_name) in C:\Users\user\git\GitHub.OwnProjects\SWEndor\src\SWEndor\Scenarios\Scripting\Functions\ScriptingFns.cs:line 44
   at SWEndor.Scenarios.Scripting.ValFunc`1.Execute(ITracker caller, String _funcName, Context c, Val[] p) in C:\Users\user\git\GitHub.OwnProjects\SWEndor\src\SWEndor\Scenarios\Scripting\ParamContracts\ValFunc_T.cs:line 13
   at SWEndor.Scenarios.Scripting.Context.RunFunction(ITracker caller, String _funcName, Val[] param) in C:\Users\user\git\GitHub.OwnProjects\SWEndor\src\SWEndor\Scenarios\Scripting\Context.cs:line 55
   at Primrose.Expressions.Tree.Expressions.Function.Evaluate(AContext context) in C:\Users\user\git\GitHub.OwnProjects\SWEndor\src\Primrose.Expressions\Tree\Expressions\Function.cs:line 43
   at Primrose.Expressions.Tree.Statements.AssignmentStatement.Evaluate(AContext context) in C:\Users\user\git\GitHub.OwnProjects\SWEndor\src\Primrose.Expressions\Tree\Statements\AssignmentStatement.cs:line 114
   at Primrose.Expressions.Tree.Statements.Statement.Evaluate(AContext context) in C:\Users\user\git\GitHub.OwnProjects\SWEndor\src\Primrose.Expressions\Tree\Statements\Statement.cs:line 24
   at Primrose.Expressions.Tree.Statements.RootStatement.Evaluate(AContext context) in C:\Users\user\git\GitHub.OwnProjects\SWEndor\src\Primrose.Expressions\Tree\Statements\RootStatement.cs:line 23
   at Primrose.Expressions.Script.Run(AContext context) in C:\Users\user\git\GitHub.OwnProjects\SWEndor\src\Primrose.Expressions\Script.cs:line 49
   at SWEndor.Scenarios.GSCustomScenario.Launch() in C:\Users\user\git\GitHub.OwnProjects\SWEndor\src\SWEndor\Scenarios\Scenarios\GSCustomScenario.cs:line 103
   at SWEndor.UI.Menu.Pages.LoadingScenario.ScenarioLoaded() in C:\Users\user\git\GitHub.OwnProjects\SWEndor\src\SWEndor\UI\Menu\Instances\LoadingScenario.cs:line 125
   at SWEndor.UI.Menu.Pages.LoadingScenario.ProcessTick() in C:\Users\user\git\GitHub.OwnProjects\SWEndor\src\SWEndor\UI\Menu\Instances\LoadingScenario.cs:line 94
   at SWEndor.Core.Session.TickProcess() in C:\Users\user\git\GitHub.OwnProjects\SWEndor\src\SWEndor\Core\Session.cs:line 334


